                                      1 ;--------------------------------------------------------
                                      2 ; File Created by SDCC : free open source ANSI-C Compiler
                                      3 ; Version 4.1.6 #12539 (Mac OS X x86_64)
                                      4 ;--------------------------------------------------------
                                      5 	.module main
                                      6 	.optsdcc -mgbz80
                                      7 	
                                      8 ;--------------------------------------------------------
                                      9 ; Public variables in this module
                                     10 ;--------------------------------------------------------
                                     11 	.globl _main
                                     12 	.globl _handle_input
                                     13 	.globl _display_current_text
                                     14 	.globl _wait_vbl_done
                                     15 ;--------------------------------------------------------
                                     16 ; special function registers
                                     17 ;--------------------------------------------------------
                                     18 ;--------------------------------------------------------
                                     19 ; ram data
                                     20 ;--------------------------------------------------------
                                     21 	.area _DATA
                                     22 ;--------------------------------------------------------
                                     23 ; ram data
                                     24 ;--------------------------------------------------------
                                     25 	.area _INITIALIZED
                                     26 ;--------------------------------------------------------
                                     27 ; absolute external ram data
                                     28 ;--------------------------------------------------------
                                     29 	.area _DABS (ABS)
                                     30 ;--------------------------------------------------------
                                     31 ; global & static initialisations
                                     32 ;--------------------------------------------------------
                                     33 	.area _HOME
                                     34 	.area _GSINIT
                                     35 	.area _GSFINAL
                                     36 	.area _GSINIT
                                     37 ;--------------------------------------------------------
                                     38 ; Home
                                     39 ;--------------------------------------------------------
                                     40 	.area _HOME
                                     41 	.area _HOME
                                     42 ;--------------------------------------------------------
                                     43 ; code
                                     44 ;--------------------------------------------------------
                                     45 	.area _CODE
                                     46 ;src/main.c:6: void main(void)
                                     47 ;	---------------------------------
                                     48 ; Function main
                                     49 ; ---------------------------------
      000000                         50 _main::
                                     51 ;src/main.c:8: display_current_text();
      000000 CDr00r00                52 	call	_display_current_text
                                     53 ;src/main.c:10: while(1) {
      000003                         54 00102$:
                                     55 ;src/main.c:12: handle_input();
      000003 CDr00r00                56 	call	_handle_input
                                     57 ;src/main.c:14: wait_vbl_done();
      000006 CDr00r00                58 	call	_wait_vbl_done
                                     59 ;src/main.c:16: }
      000009 18 F8                   60 	jr	00102$
                                     61 	.area _CODE
                                     62 	.area _INITIALIZER
                                     63 	.area _CABS (ABS)
